# JRE version: OpenJDK Runtime Environment (11.0.11+9) (build 11.0.11+9-Ubuntu-0ubuntu2.20.04)
# Java VM: OpenJDK 64-Bit Server VM (11.0.11+9-Ubuntu-0ubuntu2.20.04, mixed mode, sharing, tiered, compressed oops, g1 gc, linux-amd64)
Heap:
 garbage-first heap   total 168960K, used 34408K [0x0000000085000000, 0x0000000100000000)
  region size 1024K, 25 young (25600K), 8 survivors (8192K)
 Metaspace       used 16971K, capacity 17959K, committed 18304K, reserved 1064960K
  class space    used 1841K, capacity 2078K, committed 2176K, reserved 1048576K
GC Heap History (12 events):
Event: 1.100 GC heap before
{Heap before GC invocations=0 (full 0):
 garbage-first heap   total 129024K, used 14024K [0x0000000085000000, 0x0000000100000000)
  region size 1024K, 14 young (14336K), 0 survivors (0K)
 Metaspace       used 4129K, capacity 7153K, committed 7296K, reserved 1056768K
  class space    used 456K, capacity 792K, committed 896K, reserved 1048576K
}
Event: 1.113 GC heap after
{Heap after GC invocations=1 (full 0):
 garbage-first heap   total 129024K, used 3290K [0x0000000085000000, 0x0000000100000000)
  region size 1024K, 2 young (2048K), 2 survivors (2048K)
 Metaspace       used 4129K, capacity 7153K, committed 7296K, reserved 1056768K
  class space    used 456K, capacity 792K, committed 896K, reserved 1048576K
}
Event: 1.380 GC heap before
{Heap before GC invocations=1 (full 0):
 garbage-first heap   total 129024K, used 15578K [0x0000000085000000, 0x0000000100000000)
  region size 1024K, 14 young (14336K), 2 survivors (2048K)
 Metaspace       used 5424K, capacity 7998K, committed 8192K, reserved 1056768K
  class space    used 641K, capacity 924K, committed 1024K, reserved 1048576K
}
Event: 1.389 GC heap after
{Heap after GC invocations=2 (full 0):
 garbage-first heap   total 129024K, used 3926K [0x0000000085000000, 0x0000000100000000)
  region size 1024K, 1 young (1024K), 1 survivors (1024K)
 Metaspace       used 5424K, capacity 7998K, committed 8192K, reserved 1056768K
  class space    used 641K, capacity 924K, committed 1024K, reserved 1048576K
}
Event: 2.252 GC heap before
{Heap before GC invocations=2 (full 0):
 garbage-first heap   total 129024K, used 35670K [0x0000000085000000, 0x0000000100000000)
  region size 1024K, 32 young (32768K), 1 survivors (1024K)
 Metaspace       used 10273K, capacity 12456K, committed 12928K, reserved 1060864K
  class space    used 1274K, capacity 1549K, committed 1664K, reserved 1048576K
}
Event: 2.258 GC heap after
{Heap after GC invocations=3 (full 0):
 garbage-first heap   total 129024K, used 5538K [0x0000000085000000, 0x0000000100000000)
  region size 1024K, 3 young (3072K), 3 survivors (3072K)
 Metaspace       used 10273K, capacity 12456K, committed 12928K, reserved 1060864K
  class space    used 1274K, capacity 1549K, committed 1664K, reserved 1048576K
}
Event: 3.473 GC heap before
{Heap before GC invocations=3 (full 0):
 garbage-first heap   total 129024K, used 57762K [0x0000000085000000, 0x0000000100000000)
  region size 1024K, 54 young (55296K), 3 survivors (3072K)
 Metaspace       used 13308K, capacity 14934K, committed 15104K, reserved 1062912K
  class space    used 1539K, capacity 1767K, committed 1792K, reserved 1048576K
}
Event: 3.493 GC heap after
{Heap after GC invocations=4 (full 0):
 garbage-first heap   total 129024K, used 10822K [0x0000000085000000, 0x0000000100000000)
  region size 1024K, 7 young (7168K), 7 survivors (7168K)
 Metaspace       used 13308K, capacity 14934K, committed 15104K, reserved 1062912K
  class space    used 1539K, capacity 1767K, committed 1792K, reserved 1048576K
}
Event: 4.507 GC heap before
{Heap before GC invocations=4 (full 0):
 garbage-first heap   total 129024K, used 127558K [0x0000000085000000, 0x0000000100000000)
  region size 1024K, 73 young (74752K), 7 survivors (7168K)
 Metaspace       used 15006K, capacity 16382K, committed 16512K, reserved 1064960K
  class space    used 1664K, capacity 1908K, committed 1920K, reserved 1048576K
}
Event: 4.531 GC heap after
{Heap after GC invocations=5 (full 0):
 garbage-first heap   total 168960K, used 14369K [0x0000000085000000, 0x0000000100000000)
  region size 1024K, 9 young (9216K), 9 survivors (9216K)
 Metaspace       used 15006K, capacity 16382K, committed 16512K, reserved 1064960K
  class space    used 1664K, capacity 1908K, committed 1920K, reserved 1048576K
}
Event: 5.201 GC heap before
{Heap before GC invocations=5 (full 0):
 garbage-first heap   total 168960K, used 93217K [0x0000000085000000, 0x0000000100000000)
  region size 1024K, 86 young (88064K), 9 survivors (9216K)
 Metaspace       used 16624K, capacity 17853K, committed 18048K, reserved 1064960K
  class space    used 1800K, capacity 2061K, committed 2176K, reserved 1048576K
}
Event: 5.216 GC heap after
{Heap after GC invocations=6 (full 0):
 garbage-first heap   total 168960K, used 19048K [0x0000000085000000, 0x0000000100000000)
  region size 1024K, 8 young (8192K), 8 survivors (8192K)
 Metaspace       used 16624K, capacity 17853K, committed 18048K, reserved 1064960K
  class space    used 1800K, capacity 2061K, committed 2176K, reserved 1048576K
}

